<?xml version="1.0" encoding="UTF-8"?>
<testng-results ignored="0" total="1" passed="1" failed="0" skipped="0">
  <reporter-output>
  </reporter-output>
  <suite started-at="2022-04-15T22:05:25 IST" name="Suite" finished-at="2022-04-15T22:06:37 IST" duration-ms="71732">
    <groups>
    </groups>
    <test started-at="2022-04-15T22:05:25 IST" name="Test" finished-at="2022-04-15T22:06:37 IST" duration-ms="71732">
      <class name="automationknowledge.E2EProject.HomePage">
        <test-method is-config="true" signature="setup()[pri:0, instance:automationknowledge.E2EProject.HomePage@21aa6d6c]" started-at="2022-04-15T22:05:25 IST" name="setup" finished-at="2022-04-15T22:06:08 IST" duration-ms="42993" status="PASS">
          <reporter-output>
          </reporter-output>
        </test-method> <!-- setup -->
        <test-method signature="basePageNavigation(java.lang.String,java.lang.String)[pri:0, instance:automationknowledge.E2EProject.HomePage@21aa6d6c]" started-at="2022-04-15T22:06:08 IST" name="basePageNavigation" data-provider="dataLogin" finished-at="2022-04-15T22:06:36 IST" duration-ms="28138" status="PASS">
          <params>
            <param index="0">
              <value>
                <![CDATA[dsfgdf]]>
              </value>
            </param>
            <param index="1">
              <value>
                <![CDATA[dfgdg]]>
              </value>
            </param>
          </params>
          <reporter-output>
          </reporter-output>
        </test-method> <!-- basePageNavigation -->
        <test-method is-config="true" signature="teardown()[pri:0, instance:automationknowledge.E2EProject.HomePage@21aa6d6c]" started-at="2022-04-15T22:06:36 IST" name="teardown" finished-at="2022-04-15T22:06:37 IST" duration-ms="489" status="PASS">
          <reporter-output>
          </reporter-output>
        </test-method> <!-- teardown -->
      </class> <!-- automationknowledge.E2EProject.HomePage -->
    </test> <!-- Test -->
  </suite> <!-- Suite -->
</testng-results>
